<?xml version="1.0" encoding="UTF-8" ?>
<testsuite errors="0" failures="0" hostname="MacBook-Pro.local" name="amazon_scraper.Amazon_Scraper_Item_Search_Test" tests="2" time="0.085" timestamp="2012-10-01T22:58:08">
  <properties>
    <property name="libs.jsp-compiler.javadoc" value="" />
    <property name="netbeans.autoupdate.country" value="US" />
    <property name="rubyplatform.Ruby_0.interpreter" value="/Users/petertran/.rvm/rubies/default/bin/ruby" />
    <property name="rubyplatform.Ruby_0.ruby_lib_dir" value="/Users/petertran/.rvm/rubies/ruby-1.9.3-p194/lib/ruby/1.9.1" />
    <property name="javac.test.classpath" value=":build/classes:/Applications/NetBeans/NetBeans 7.0.1.app/Contents/Resources/NetBeans/platform/modules/ext/junit-4.8.2.jar" />
    <property name="libs.jsf20.maven-pom" value="" />
    <property name="libs.DataBindingME.src" value="/Applications/NetBeans/NetBeans 7.0.1.app/Contents/Resources/NetBeans/mobility/sources/netbeans_databindingme-src.zip" />
    <property name="libs.j2me_ant_ext.javadoc" value="" />
    <property name="libs.junit.javadoc" value="/Applications/NetBeans/NetBeans 7.0.1.app/Contents/Resources/NetBeans/java/docs/junit-3.8.2-api.zip" />
    <property name="libs.nsicom-ant-utils.src" value="" />
    <property name="libs.nokiaS80-ant-utils.javadoc" value="" />
    <property name="ant.core.lib" value="/Applications/NetBeans/NetBeans 7.0.1.app/Contents/Resources/NetBeans/java/ant/lib/ant.jar" />
    <property name="libs.swing-app-framework.src" value="" />
    <property name="libs.jakarta_slide_ant_webdav.javadoc" value="" />
    <property name="javadoc.windowtitle" value="" />
    <property name="libs.toplink.classpath" value="/Applications/NetBeans/NetBeans 7.0.1.app/Contents/Resources/NetBeans/java/modules/ext/toplink/toplink-essentials.jar:/Applications/NetBeans/NetBeans 7.0.1.app/Contents/Resources/NetBeans/java/modules/ext/toplink/toplink-essentials-agent.jar" />
    <property name="libs.jsp-compilation.javadoc" value="" />
    <property name="user.dir" value="/Users/petertran/Documents/Development/Amazon_Scraper" />
    <property name="com.apple.mrj.application.apple.menu.about.name" value="NetBeans" />
    <property name="libs.hibernate-persistence.javadoc" value="" />
    <property name="libs.JMUnit4CLDC10.javadoc" value="/Applications/NetBeans/NetBeans 7.0.1.app/Contents/Resources/NetBeans/mobility/modules/docs/jmunit-1.2.1-api.zip" />
    <property name="java.vm.version" value="20.8-b03-424" />
    <property name="libs.DataBindingME.classpath" value="/Applications/NetBeans/NetBeans 7.0.1.app/Contents/Resources/NetBeans/mobility/modules/ext/netbeans_databindingme.jar" />
    <property name="libs.jstl11.maven-pom" value="" />
    <property name="libs.Java-EE-GlassFish-v3.wsimport" value="" />
    <property name="libs.nsicom-ant-utils.classpath" value="/Applications/NetBeans/NetBeans 7.0.1.app/Contents/Resources/NetBeans/mobility/ant/nblib/org-netbeans-modules-j2me-cdc-project-nsicom.jar" />
    <property name="libs.MySQLDriver.classpath" value="/Applications/NetBeans/NetBeans 7.0.1.app/Contents/Resources/NetBeans/ide/modules/ext/mysql-connector-java-5.1.13-bin.jar" />
    <property name="ant.file.type.Amazon_Scraper-impl" value="file" />
    <property name="libs.eclipselinkmodelgen.src" value="" />
    <property name="libs.jstl11.src" value="" />
    <property name="javadoc.notree" value="false" />
    <property name="netbeans.autoupdate.version" value="1.23" />
    <property name="libs.EclipseLink-GlassFish-v3.classpath" value="/Applications/NetBeans/glassfish-3.1.1/glassfish/modules/org.eclipse.persistence.antlr.jar:/Applications/NetBeans/glassfish-3.1.1/glassfish/modules/org.eclipse.persistence.asm.jar:/Applications/NetBeans/glassfish-3.1.1/glassfish/modules/org.eclipse.persistence.core.jar:/Applications/NetBeans/glassfish-3.1.1/glassfish/modules/org.eclipse.persistence.jpa.jar:/Applications/NetBeans/glassfish-3.1.1/glassfish/modules/org.eclipse.persistence.jpa.modelgen.jar:/Applications/NetBeans/glassfish-3.1.1/glassfish/modules/org.eclipse.persistence.oracle.jar:/Applications/NetBeans/glassfish-3.1.1/glassfish/modules/javax.persistence.jar" />
    <property name="libs.javaee-web-api-6.0.classpath" value="/Applications/NetBeans/NetBeans 7.0.1.app/Contents/Resources/NetBeans/enterprise/modules/ext/javaee-web-api-6.0.jar" />
    <property name="libs.DataBindingME-PIM.maven-pom" value="" />
    <property name="libs.hibernate-support.maven-pom" value="" />
    <property name="libs.hibernate-support.javadoc" value="" />
    <property name="libs.NetBeans MIDP Components.maven-pom" value="" />
    <property name="jdk.home" value="/System/Library/Java/JavaVirtualMachines/1.6.0.jdk/Contents/Home" />
    <property name="libs.javac-api.src" value="" />
    <property name="rubyplatform.Ruby_1.ruby_platform" value="x86_64-darwin11.4.0" />
    <property name="javadoc.noindex" value="false" />
    <property name="sun.os.patch.level" value="unknown" />
    <property name="do.archive+manifest.available" value="true" />
    <property name="java.vm.specification.name" value="Java Virtual Machine Specification" />
    <property name="libs.semc-ant-utils.classpath" value="/Applications/NetBeans/NetBeans 7.0.1.app/Contents/Resources/NetBeans/mobility/modules/ext/org-netbeans-modules-j2me-cdc-project-semc.jar" />
    <property name="nb.show.statistics.ui" value="usageStatisticsEnabled" />
    <property name="libs.nokiadeployment.classpath" value="/Applications/NetBeans/NetBeans 7.0.1.app/Contents/Resources/NetBeans/mobility/modules/org-netbeans-modules-mobility-deployment-nokia.jar" />
    <property name="netbeans.autoupdate.variant" value="" />
    <property name="have.tests" value="true" />
    <property name="libs.nokiaS80-ant-utils.maven-pom" value="" />
    <property name="org.xml.sax.driver" value="com.sun.org.apache.xerces.internal.jaxp.SAXParserImpl$JAXPSAXParser" />
    <property name="libs.nb_svg_midp_components.src" value="/Applications/NetBeans/NetBeans 7.0.1.app/Contents/Resources/NetBeans/mobility/sources/nb_svg_midp_components-src.zip" />
    <property name="libs.NetBeans MIDP Components WMA.src" value="/Applications/NetBeans/NetBeans 7.0.1.app/Contents/Resources/NetBeans/mobility/sources/netbeans_midp_components_wma-src.zip" />
    <property name="libs.javac-api.javadoc" value="" />
    <property name="os.name" value="Mac OS X" />
    <property name="libs.beans-binding.classpath" value="/Applications/NetBeans/NetBeans 7.0.1.app/Contents/Resources/NetBeans/java/modules/ext/beansbinding-1.2.1.jar" />
    <property name="ap.proc.none.internal" value="" />
    <property name="libs.DataBindingME-SVG.javadoc" value="/Applications/NetBeans/NetBeans 7.0.1.app/Contents/Resources/NetBeans/mobility/modules/docs/netbeans_databindingme_svg-api.zip" />
    <property name="org.whattf.datatype.lang-registry" value="jar:file:/Applications/NetBeans/NetBeans%207.0.1.app/Contents/Resources/NetBeans/ide/modules/ext/validator.jar!/nu/validator/localentities/files/www_iana_org_assignments_language_subtag_registry" />
    <property name="libs.restapi.javadoc" value="/Applications/NetBeans/NetBeans 7.0.1.app/Contents/Resources/NetBeans/enterprise/docs/jsr311-api-1.1.1-javadoc.zip" />
    <property name="mrj.version" value="1070.1.6.0_33-424" />
    <property name="libs.JWSAntTasks.maven-pom" value="" />
    <property name="rubyplatform.Ruby_0.ruby_platform" value="x86_64-darwin11.4.0" />
    <property name="libs.ojec-ant-utils.src" value="" />
    <property name="nu.validator.spec.alt-advice" value="jar:file:/Applications/NetBeans/NetBeans%207.0.1.app/Contents/Resources/NetBeans/ide/modules/ext/validator.jar!/nu/validator/localentities/files/wiki_whatwg_org_wiki_Validator_nu_alt_advice" />
    <property name="ant.file.type.Amazon_Scraper" value="file" />
    <property name="libs.spring-webmvc3.0.src" value="" />
    <property name="libs.restapi.classpath" value="/Applications/NetBeans/NetBeans 7.0.1.app/Contents/Resources/NetBeans/enterprise/modules/ext/rest/jsr311-api-1.1.1.jar" />
    <property name="java.vendor.url.bug" value="http://bugreport.apple.com/" />
    <property name="libs.nsicom-ant-utils.javadoc" value="" />
    <property name="libs.jaxb.maven-pom" value="" />
    <property name="os.arch" value="x86_64" />
    <property name="libs.eclipselink.src" value="" />
    <property name="user.name" value="petertran" />
    <property name="libs.jsf12.javadoc" value="/Applications/NetBeans/NetBeans 7.0.1.app/Contents/Resources/NetBeans/enterprise/docs/javaee6-doc-api.zip" />
    <property name="libs.Comet-GlassFish-v3.javadoc" value="" />
    <property name="manifest.available+main.class" value="true" />
    <property name="libs.spring-webmvc3.0.maven-pom" value="" />
    <property name="libs.swing-layout.maven-pom" value="" />
    <property name="sun.java.command" value="org.apache.tools.ant.taskdefs.optional.junit.JUnitTestRunner amazon_scraper.Amazon_Scraper_Item_Search_Test filtertrace=true haltOnError=false haltOnFailure=false showoutput=true outputtoformatters=true logfailedtests=true logtestlistenerevents=true formatter=org.apache.tools.ant.taskdefs.optional.junit.BriefJUnitResultFormatter formatter=org.apache.tools.ant.taskdefs.optional.junit.XMLJUnitResultFormatter,/Users/petertran/Documents/Development/Amazon_Scraper/build/test/results/TEST-amazon_scraper.Amazon_Scraper_Item_Search_Test.xml crashfile=/Users/petertran/Documents/Development/Amazon_Scraper/build/junitvmwatcher4404872870610646718.properties propsfile=/Users/petertran/Documents/Development/Amazon_Scraper/build/junit7732227831221945663.properties" />
    <property name="build.classes.dir" value="build/classes" />
    <property name="netbeans.accept_license_class" value="org.netbeans.license.AcceptLicense" />
    <property name="libs.Java-EE-GlassFish-v3.wsjwsdp" value="" />
    <property name="build.sysclasspath" value="ignore" />
    <property name="ap.supported.internal" value="true" />
    <property name="rubyplatform.Ruby_1.ruby_kind" value="Ruby" />
    <property name="libs.jaxws21.javadoc" value="/Applications/NetBeans/NetBeans 7.0.1.app/Contents/Resources/NetBeans/java/docs/jaxws-api-doc.zip" />
    <property name="includes" value="**" />
    <property name="rubyplatform.Ruby_0.ruby_release_date" value="2012-04-20" />
    <property name="libs.ojec-ant-utils.maven-pom" value="" />
    <property name="user.country" value="US" />
    <property name="manifest.file" value="manifest.mf" />
    <property name="libs.jstl11.javadoc" value="/Applications/NetBeans/NetBeans 7.0.1.app/Contents/Resources/NetBeans/enterprise/docs/javaee6-doc-api.zip" />
    <property name="rubyplatform.Ruby_0.ruby_kind" value="Ruby" />
    <property name="libs.JMUnit4CLDC11.src" value="" />
    <property name="javadoc.encoding" value="UTF-8" />
    <property name="javac.classpath" value="" />
    <property name="libs.jsp-compilation-syscp.src" value="" />
    <property name="debug-transport" value="dt_socket" />
    <property name="rubyplatform.Ruby_0.gem_path" value="/Users/petertran/.rvm/rubies/ruby-1.9.3-p194/lib/ruby/gems/1.9.1:/Users/petertran/.gem/ruby/1.9.1" />
    <property name="netbeans.system_http_non_proxy_hosts" value="" />
    <property name="netbeans.home" value="/Applications/NetBeans/NetBeans 7.0.1.app/Contents/Resources/NetBeans/platform" />
    <property name="build.compiler.emacs" value="true" />
    <property name="libs.javaee-web-api-6.0.src" value="" />
    <property name="rubyplatform.Ruby.ruby_kind" value="Ruby" />
    <property name="libs.ejb3-persistence.src" value="" />
    <property name="libs.Java-EE-GlassFish-v3.javadoc" value="/Applications/NetBeans/NetBeans 7.0.1.app/Contents/Resources/NetBeans/enterprise/docs/javaee6-doc-api.zip" />
    <property name="libs.jsp-compilation-syscp.classpath" value="/Applications/NetBeans/NetBeans 7.0.1.app/Contents/Resources/NetBeans/java/ant/lib/ant.jar:/Applications/NetBeans/NetBeans 7.0.1.app/Contents/Resources/NetBeans/enterprise/modules/ext/servlet3.0-jsp2.2-api.jar:/Applications/NetBeans/NetBeans 7.0.1.app/Contents/Resources/NetBeans/enterprise/modules/ext/glassfish-jspparser-3.0.jar:/Applications/NetBeans/NetBeans 7.0.1.app/Contents/Resources/NetBeans/enterprise/modules/ext/standard.jar:/Applications/NetBeans/NetBeans 7.0.1.app/Contents/Resources/NetBeans/enterprise/modules/ext/jsf-2_1/jsf-impl.jar" />
    <property name="libs.nokiaS80-ant-utils.src" value="" />
    <property name="libs.cdc-pp-awt-layout.javadoc" value="" />
    <property name="libs.j2me_ant_ext.classpath" value="/Applications/NetBeans/NetBeans 7.0.1.app/Contents/Resources/NetBeans/mobility/modules/org-netbeans-modules-mobility-antext.jar:/Applications/NetBeans/NetBeans 7.0.1.app/Contents/Resources/NetBeans/java/modules/org-netbeans-modules-classfile.jar" />
    <property name="java.endorsed.dirs" value="/System/Library/Java/JavaVirtualMachines/1.6.0.jdk/Contents/Home/lib/endorsed" />
    <property name="libs.Comet-GlassFish-v3.maven-pom" value="" />
    <property name="libs.groovy-all.src" value="" />
    <property name="netbeans.dynamic.classpath" value="/Applications/NetBeans/NetBeans 7.0.1.app/Contents/Resources/NetBeans/platform/core/core.jar:/Applications/NetBeans/NetBeans 7.0.1.app/Contents/Resources/NetBeans/platform/core/org-openide-filesystems.jar:/Applications/NetBeans/NetBeans 7.0.1.app/Contents/Resources/NetBeans/platform/core/locale/core_ja.jar:/Applications/NetBeans/NetBeans 7.0.1.app/Contents/Resources/NetBeans/platform/core/locale/core_pt_BR.jar:/Applications/NetBeans/NetBeans 7.0.1.app/Contents/Resources/NetBeans/platform/core/locale/core_ru.jar:/Applications/NetBeans/NetBeans 7.0.1.app/Contents/Resources/NetBeans/platform/core/locale/core_zh_CN.jar:/Applications/NetBeans/NetBeans 7.0.1.app/Contents/Resources/NetBeans/platform/core/locale/org-openide-filesystems_ja.jar:/Applications/NetBeans/NetBeans 7.0.1.app/Contents/Resources/NetBeans/platform/core/locale/org-openide-filesystems_pt_BR.jar:/Applications/NetBeans/NetBeans 7.0.1.app/Contents/Resources/NetBeans/platform/core/locale/org-openide-filesystems_ru.jar:/Applications/NetBeans/NetBeans 7.0.1.app/Contents/Resources/NetBeans/platform/core/locale/org-openide-filesystems_zh_CN.jar:/Applications/NetBeans/NetBeans 7.0.1.app/Contents/Resources/NetBeans/nb/core/org-netbeans-upgrader.jar:/Applications/NetBeans/NetBeans 7.0.1.app/Contents/Resources/NetBeans/nb/core/locale/core_nb.jar:/Applications/NetBeans/NetBeans 7.0.1.app/Contents/Resources/NetBeans/nb/core/locale/core_nb_ja.jar:/Applications/NetBeans/NetBeans 7.0.1.app/Contents/Resources/NetBeans/nb/core/locale/core_nb_pt_BR.jar:/Applications/NetBeans/NetBeans 7.0.1.app/Contents/Resources/NetBeans/nb/core/locale/core_nb_ru.jar:/Applications/NetBeans/NetBeans 7.0.1.app/Contents/Resources/NetBeans/nb/core/locale/core_nb_zh_CN.jar:/Applications/NetBeans/NetBeans 7.0.1.app/Contents/Resources/NetBeans/nb/core/locale/org-netbeans-upgrader_ja.jar:/Applications/NetBeans/NetBeans 7.0.1.app/Contents/Resources/NetBeans/nb/core/locale/org-netbeans-upgrader_pt_BR.jar:/Applications/NetBeans/NetBeans 7.0.1.app/Contents/Resources/NetBeans/nb/core/locale/org-netbeans-upgrader_ru.jar:/Applications/NetBeans/NetBeans 7.0.1.app/Contents/Resources/NetBeans/nb/core/locale/org-netbeans-upgrader_zh_CN.jar" />
    <property name="libs.cdc-agui-swing-layout.maven-pom" value="" />
    <property name="libs.cdc-pp-awt-layout.src" value="/Applications/NetBeans/NetBeans 7.0.1.app/Contents/Resources/NetBeans/mobility/sources/cdc-pp-awt-layout-src.zip" />
    <property name="java.vm.specification.version" value="1.0" />
    <property name="libs.jakarta_slide_ant_webdav.src" value="" />
    <property name="libs.primefaces.classpath" value="/Applications/NetBeans/NetBeans 7.0.1.app/Contents/Resources/NetBeans/enterprise/modules/ext/primefaces/primefaces-2.2.1.jar" />
    <property name="libs.javaee-api-6.0.classpath" value="/Applications/NetBeans/NetBeans 7.0.1.app/Contents/Resources/NetBeans/enterprise/modules/ext/javaee-api-6.0.jar" />
    <property name="libs.sjmc-ant-utils.maven-pom" value="" />
    <property name="libs.groovy-all.maven-pom" value="" />
    <property name="libs.JMUnit4CLDC10.maven-pom" value="" />
    <property name="ftp.nonProxyHosts" value="local|*.local|169.254/16|*.169.254/16" />
    <property name="rubyplatform.Ruby_1.gem_home" value="/Users/petertran/.rvm/rubies/ruby-1.9.2-p320/lib/ruby/gems/1.9.1" />
    <property name="libs.hibernate-persistence.classpath" value="/Applications/NetBeans/NetBeans 7.0.1.app/Contents/Resources/NetBeans/java/modules/ext/hibernate/antlr-2.7.6.jar:/Applications/NetBeans/NetBeans 7.0.1.app/Contents/Resources/NetBeans/java/modules/ext/hibernate/asm.jar:/Applications/NetBeans/NetBeans 7.0.1.app/Contents/Resources/NetBeans/java/modules/ext/hibernate/asm-attrs.jar:/Applications/NetBeans/NetBeans 7.0.1.app/Contents/Resources/NetBeans/java/modules/ext/hibernate/cglib-2.1.3.jar:/Applications/NetBeans/NetBeans 7.0.1.app/Contents/Resources/NetBeans/java/modules/ext/hibernate/commons-collections-2.1.1.jar:/Applications/NetBeans/NetBeans 7.0.1.app/Contents/Resources/NetBeans/ide/modules/ext/commons-logging-1.1.jar:/Applications/NetBeans/NetBeans 7.0.1.app/Contents/Resources/NetBeans/java/modules/ext/hibernate/dom4j-1.6.1.jar:/Applications/NetBeans/NetBeans 7.0.1.app/Contents/Resources/NetBeans/java/modules/ext/hibernate/ehcache-1.2.3.jar:/Applications/NetBeans/NetBeans 7.0.1.app/Contents/Resources/NetBeans/java/modules/ext/hibernate/jdbc2_0-stdext.jar:/Applications/NetBeans/NetBeans 7.0.1.app/Contents/Resources/NetBeans/java/modules/ext/hibernate/jta.jar:/Applications/NetBeans/NetBeans 7.0.1.app/Contents/Resources/NetBeans/java/modules/ext/hibernate/hibernate3.jar:/Applications/NetBeans/NetBeans 7.0.1.app/Contents/Resources/NetBeans/java/modules/ext/hibernate/hibernate-tools.jar:/Applications/NetBeans/NetBeans 7.0.1.app/Contents/Resources/NetBeans/java/modules/ext/hibernate/hibernate-annotations.jar:/Applications/NetBeans/NetBeans 7.0.1.app/Contents/Resources/NetBeans/java/modules/ext/hibernate/hibernate-commons-annotations.jar:/Applications/NetBeans/NetBeans 7.0.1.app/Contents/Resources/NetBeans/java/modules/ext/hibernate/hibernate-entitymanager.jar:/Applications/NetBeans/NetBeans 7.0.1.app/Contents/Resources/NetBeans/java/modules/ext/hibernate/javassist.jar:/Applications/NetBeans/NetBeans 7.0.1.app/Contents/Resources/NetBeans/java/modules/ext/hibernate/ejb3-persistence.jar" />
    <property name="libs.jaxws21.src" value="" />
    <property name="do.archive" value="true" />
    <property name="libs.swing-app-framework.classpath" value="/Applications/NetBeans/NetBeans 7.0.1.app/Contents/Resources/NetBeans/java/modules/ext/appframework-1.0.3.jar:/Applications/NetBeans/NetBeans 7.0.1.app/Contents/Resources/NetBeans/java/modules/ext/swing-worker-1.1.jar" />
    <property name="netbeans.autoupdate.language" value="en" />
    <property name="libs.jakarta_slide_ant_webdav.classpath" value="/Applications/NetBeans/NetBeans 7.0.1.app/Contents/Resources/NetBeans/mobility/modules/ext/commons-httpclient-3.0.1.jar:/Applications/NetBeans/NetBeans 7.0.1.app/Contents/Resources/NetBeans/ide/modules/ext/commons-logging-1.1.jar:/Applications/NetBeans/NetBeans 7.0.1.app/Contents/Resources/NetBeans/mobility/modules/ext/jdom-1.0.jar:/Applications/NetBeans/NetBeans 7.0.1.app/Contents/Resources/NetBeans/mobility/modules/ext/jakarta-slide-webdavlib-2.1.jar:/Applications/NetBeans/NetBeans 7.0.1.app/Contents/Resources/NetBeans/mobility/modules/ext/jakarta-slide-ant-webdav-2.1.jar" />
    <property name="java.vendor" value="Apple Inc." />
    <property name="libs.JMUnit4CLDC10.src" value="" />
    <property name="libs.javaee-api-6.0.javadoc" value="/Applications/NetBeans/NetBeans 7.0.1.app/Contents/Resources/NetBeans/enterprise/docs/javaee6-doc-api.zip" />
    <property name="jar.index.metainf" value="false" />
    <property name="rubyplatform.Ruby_1.interpreter" value="/Users/petertran/.rvm/rubies/ruby-1.9.2-p320/bin/ruby" />
    <property name="javac.debug" value="true" />
    <property name="javadoc.splitindex" value="true" />
    <property name="file.separator" value="/" />
    <property name="libs.restlib_gfv3ee6.classpath" value="/Applications/NetBeans/glassfish-3.1.1/glassfish/modules/jackson-core-asl.jar:/Applications/NetBeans/glassfish-3.1.1/glassfish/modules/jackson-jaxrs.jar:/Applications/NetBeans/glassfish-3.1.1/glassfish/modules/jackson-mapper-asl.jar:/Applications/NetBeans/glassfish-3.1.1/glassfish/modules/jersey-client.jar:/Applications/NetBeans/glassfish-3.1.1/glassfish/modules/jersey-core.jar:/Applications/NetBeans/glassfish-3.1.1/glassfish/modules/jersey-gf-server.jar:/Applications/NetBeans/glassfish-3.1.1/glassfish/modules/jersey-json.jar:/Applications/NetBeans/glassfish-3.1.1/glassfish/modules/jersey-multipart.jar:/Applications/NetBeans/glassfish-3.1.1/glassfish/modules/jettison.jar:/Applications/NetBeans/glassfish-3.1.1/glassfish/modules/mimepull.jar" />
    <property name="libs.ActiveSync.classpath" value="/Applications/NetBeans/NetBeans 7.0.1.app/Contents/Resources/NetBeans/mobility/modules/ext/nbactivesync-5.0.jar" />
    <property name="libs.junit_4.maven-pom" value="" />
    <property name="mkdist.disabled" value="false" />
    <property name="javac.test.processorpath" value=":build/classes:/Applications/NetBeans/NetBeans 7.0.1.app/Contents/Resources/NetBeans/platform/modules/ext/junit-4.8.2.jar" />
    <property name="netbeans.buildnumber" value="201107282000" />
    <property name="libs.JWSAntTasks.javadoc" value="" />
    <property name="build.generated.sources.dir" value="build/generated-sources" />
    <property name="libs.eclipselinkmodelgen.classpath" value="/Applications/NetBeans/NetBeans 7.0.1.app/Contents/Resources/NetBeans/java/modules/ext/eclipselink/eclipselink-jpa-modelgen-2.2.0.jar" />
    <property name="libs.Java-EE-GlassFish-v3.wscompile" value="" />
    <property name="sun.java.launcher" value="SUN_STANDARD" />
    <property name="libs.junit.classpath" value="/Applications/NetBeans/NetBeans 7.0.1.app/Contents/Resources/NetBeans/java/modules/ext/junit-3.8.2.jar" />
    <property name="libs.jaxb.javadoc" value="/Applications/NetBeans/NetBeans 7.0.1.app/Contents/Resources/NetBeans/ide/docs/jaxb-api-doc.zip" />
    <property name="libs.struts.classpath" value="/Applications/NetBeans/NetBeans 7.0.1.app/Contents/Resources/NetBeans/enterprise/modules/ext/struts/antlr-2.7.2.jar:/Applications/NetBeans/NetBeans 7.0.1.app/Contents/Resources/NetBeans/enterprise/modules/ext/struts/bsf-2.3.0.jar:/Applications/NetBeans/NetBeans 7.0.1.app/Contents/Resources/NetBeans/enterprise/modules/ext/struts/commons-beanutils-1.7.0.jar:/Applications/NetBeans/NetBeans 7.0.1.app/Contents/Resources/NetBeans/enterprise/modules/ext/struts/commons-chain-1.1.jar:/Applications/NetBeans/NetBeans 7.0.1.app/Contents/Resources/NetBeans/enterprise/modules/ext/struts/commons-digester-1.8.jar:/Applications/NetBeans/NetBeans 7.0.1.app/Contents/Resources/NetBeans/enterprise/modules/ext/struts/commons-fileupload-1.1.1.jar:/Applications/NetBeans/NetBeans 7.0.1.app/Contents/Resources/NetBeans/enterprise/modules/ext/struts/commons-io-1.1.jar:/Applications/NetBeans/NetBeans 7.0.1.app/Contents/Resources/NetBeans/enterprise/modules/ext/struts/commons-logging-1.0.4.jar:/Applications/NetBeans/NetBeans 7.0.1.app/Contents/Resources/NetBeans/enterprise/modules/ext/struts/commons-validator-1.3.1.jar:/Applications/NetBeans/NetBeans 7.0.1.app/Contents/Resources/NetBeans/enterprise/modules/ext/struts/jstl-1.0.2.jar:/Applications/NetBeans/NetBeans 7.0.1.app/Contents/Resources/NetBeans/enterprise/modules/ext/struts/oro-2.0.8.jar:/Applications/NetBeans/NetBeans 7.0.1.app/Contents/Resources/NetBeans/enterprise/modules/ext/struts/standard-1.0.2.jar:/Applications/NetBeans/NetBeans 7.0.1.app/Contents/Resources/NetBeans/enterprise/modules/ext/struts/struts-core-1.3.8.jar:/Applications/NetBeans/NetBeans 7.0.1.app/Contents/Resources/NetBeans/enterprise/modules/ext/struts/struts-el-1.3.8.jar:/Applications/NetBeans/NetBeans 7.0.1.app/Contents/Resources/NetBeans/enterprise/modules/ext/struts/struts-extras-1.3.8.jar:/Applications/NetBeans/NetBeans 7.0.1.app/Contents/Resources/NetBeans/enterprise/modules/ext/struts/struts-faces-1.3.8.jar:/Applications/NetBeans/NetBeans 7.0.1.app/Contents/Resources/NetBeans/enterprise/modules/ext/struts/struts-mailreader-dao-1.3.8.jar:/Applications/NetBeans/NetBeans 7.0.1.app/Contents/Resources/NetBeans/enterprise/modules/ext/struts/struts-scripting-1.3.8.jar:/Applications/NetBeans/NetBeans 7.0.1.app/Contents/Resources/NetBeans/enterprise/modules/ext/struts/struts-taglib-1.3.8.jar:/Applications/NetBeans/NetBeans 7.0.1.app/Contents/Resources/NetBeans/enterprise/modules/ext/struts/struts-tiles-1.3.8.jar" />
    <property name="ant.home" value="/Applications/NetBeans/NetBeans 7.0.1.app/Contents/Resources/NetBeans/java/ant" />
    <property name="libs.junit_4.src" value="/Applications/NetBeans/NetBeans 7.0.1.app/Contents/Resources/NetBeans/java/docs/junit-4.8.2-src.jar" />
    <property name="libs.ricoh-ant-utils.maven-pom" value="" />
    <property name="libs.absolutelayout.maven-pom" value="" />
    <property name="rubyplatform.Ruby_1.ruby_patchlevel" value="320" />
    <property name="ant.java.version" value="1.6" />
    <property name="java.library.path" value=".:/Library/Java/Extensions:/System/Library/Java/Extensions:/usr/lib/java" />
    <property name="javadoc.author" value="false" />
    <property name="libs.metro.maven-pom" value="" />
    <property name="manifest.available+main.class-mkdist.available" value="true" />
    <property name="ant.file.Amazon_Scraper-impl" value="/Users/petertran/Documents/Development/Amazon_Scraper/nbproject/build-impl.xml" />
    <property name="libs.EclipseLink-GlassFish-v3.src" value="" />
    <property name="java.util.logging.config.class" value="org.netbeans.core.startup.TopLogging" />
    <property name="rubyplatform.Ruby_0.ruby_version" value="1.9.3" />
    <property name="libs.PostgreSQLDriver.src" value="" />
    <property name="sun.arch.data.model" value="64" />
    <property name="basedir" value="/Users/petertran/Documents/Development/Amazon_Scraper" />
    <property name="libs.ActiveSync.src" value="" />
    <property name="jar.compress" value="false" />
    <property name="libs.NetBeans MIDP Components PDA.src" value="/Applications/NetBeans/NetBeans 7.0.1.app/Contents/Resources/NetBeans/mobility/sources/netbeans_midp_components_pda-src.zip" />
    <property name="libs.jstl11.classpath" value="/Applications/NetBeans/NetBeans 7.0.1.app/Contents/Resources/NetBeans/enterprise/modules/ext/standard.jar:/Applications/NetBeans/NetBeans 7.0.1.app/Contents/Resources/NetBeans/enterprise/modules/ext/jstl.jar" />
    <property name="path.separator" value=":" />
    <property name="libs.javaee-web-api-6.0.javadoc" value="/Applications/NetBeans/NetBeans 7.0.1.app/Contents/Resources/NetBeans/enterprise/docs/javaee6-doc-api.zip" />
    <property name="ant.junit.enabletestlistenerevents" value="true" />
    <property name="sun.io.unicode.encoding" value="UnicodeLittle" />
    <property name="libs.semc-ant-utils.javadoc" value="" />
    <property name="libs.jaxws21.classpath" value="/Applications/NetBeans/NetBeans 7.0.1.app/Contents/Resources/NetBeans/ide/modules/ext/jaxb/jaxb-impl.jar:/Applications/NetBeans/NetBeans 7.0.1.app/Contents/Resources/NetBeans/ide/modules/ext/jaxb/jaxb-xjc.jar:/Applications/NetBeans/NetBeans 7.0.1.app/Contents/Resources/NetBeans/java/modules/ext/jaxws22/FastInfoset.jar:/Applications/NetBeans/NetBeans 7.0.1.app/Contents/Resources/NetBeans/java/modules/ext/jaxws22/gmbal-api-only.jar:/Applications/NetBeans/NetBeans 7.0.1.app/Contents/Resources/NetBeans/java/modules/ext/jaxws22/http.jar:/Applications/NetBeans/NetBeans 7.0.1.app/Contents/Resources/NetBeans/java/modules/ext/jaxws22/jaxws-rt.jar:/Applications/NetBeans/NetBeans 7.0.1.app/Contents/Resources/NetBeans/java/modules/ext/jaxws22/jaxws-tools.jar:/Applications/NetBeans/NetBeans 7.0.1.app/Contents/Resources/NetBeans/java/modules/ext/jaxws22/management-api.jar:/Applications/NetBeans/NetBeans 7.0.1.app/Contents/Resources/NetBeans/java/modules/ext/jaxws22/mimepull.jar:/Applications/NetBeans/NetBeans 7.0.1.app/Contents/Resources/NetBeans/java/modules/ext/jaxws22/policy.jar:/Applications/NetBeans/NetBeans 7.0.1.app/Contents/Resources/NetBeans/java/modules/ext/jaxws22/saaj-impl.jar:/Applications/NetBeans/NetBeans 7.0.1.app/Contents/Resources/NetBeans/java/modules/ext/jaxws22/stax-ex.jar:/Applications/NetBeans/NetBeans 7.0.1.app/Contents/Resources/NetBeans/java/modules/ext/jaxws22/streambuffer.jar:/Applications/NetBeans/NetBeans 7.0.1.app/Contents/Resources/NetBeans/java/modules/ext/jaxws22/woodstox.jar:/Applications/NetBeans/NetBeans 7.0.1.app/Contents/Resources/NetBeans/java/modules/ext/jaxws22/api/jaxws-api.jar:/Applications/NetBeans/NetBeans 7.0.1.app/Contents/Resources/NetBeans/java/modules/ext/jaxws22/api/jsr181-api.jar:/Applications/NetBeans/NetBeans 7.0.1.app/Contents/Resources/NetBeans/java/modules/ext/jaxws22/api/jsr250-api.jar:/Applications/NetBeans/NetBeans 7.0.1.app/Contents/Resources/NetBeans/java/modules/ext/jaxws22/api/saaj-api.jar:/Applications/NetBeans/NetBeans 7.0.1.app/Contents/Resources/NetBeans/ide/modules/ext/jaxb/activation.jar:/Applications/NetBeans/NetBeans 7.0.1.app/Contents/Resources/NetBeans/ide/modules/ext/jaxb/api/jaxb-api.jar:/Applications/NetBeans/NetBeans 7.0.1.app/Contents/Resources/NetBeans/ide/modules/ext/jaxb/api/jsr173_api.jar" />
    <property name="libs.struts.src" value="" />
    <property name="compile.on.save" value="true" />
    <property name="apple.awt.graphics.UseQuartz" value="true" />
    <property name="user.language" value="en" />
    <property name="libs.spring-framework.classpath" value="/Applications/NetBeans/NetBeans 7.0.1.app/Contents/Resources/NetBeans/ide/modules/ext/commons-logging-1.1.jar:/Applications/NetBeans/NetBeans 7.0.1.app/Contents/Resources/NetBeans/java/modules/ext/cglib-2.2.jar:/Applications/NetBeans/NetBeans 7.0.1.app/Contents/Resources/NetBeans/java/modules/ext/spring/spring-2.5.6.SEC01.jar" />
    <property name="libs.eclipselink.maven-pom" value="" />
    <property name="org.whattf.datatype.charset-registry" value="jar:file:/Applications/NetBeans/NetBeans%207.0.1.app/Contents/Resources/NetBeans/ide/modules/ext/validator.jar!/nu/validator/localentities/files/www_iana_org_assignments_character_sets" />
    <property name="manifest.available" value="true" />
    <property name="libs.primefaces.javadoc" value="" />
    <property name="libs.spring-framework300.maven-pom" value="" />
    <property name="run.test.classpath" value=":build/classes:/Applications/NetBeans/NetBeans 7.0.1.app/Contents/Resources/NetBeans/platform/modules/ext/junit-4.8.2.jar:build/test/classes" />
    <property name="ant.project.invoked-targets" value="test" />
    <property name="libs.swing-layout.javadoc" value="/Applications/NetBeans/NetBeans 7.0.1.app/Contents/Resources/NetBeans/platform/docs/swing-layout-1.0.4-doc.zip" />
    <property name="rubyplatform.Ruby.interpreter" value="/usr/bin/ruby" />
    <property name="libs.swing-app-framework.javadoc" value="/Applications/NetBeans/NetBeans 7.0.1.app/Contents/Resources/NetBeans/java/docs/appframework-1.0.3-doc.zip" />
    <property name="libs.ejb3-persistence.maven-pom" value="" />
    <property name="gopherProxySet" value="false" />
    <property name="libs.DataBindingME-SVG.classpath" value="/Applications/NetBeans/NetBeans 7.0.1.app/Contents/Resources/NetBeans/mobility/modules/ext/netbeans_databindingme_svg.jar" />
    <property name="libs.PostgreSQLDriver.maven-pom" value="" />
    <property name="java.class.version" value="50.0" />
    <property name="libs.javaee-endorsed-api-6.0.src" value="" />
    <property name="libs.cdc-ant-utils.classpath" value="/Applications/NetBeans/NetBeans 7.0.1.app/Contents/Resources/NetBeans/mobility/modules/ext/org-netbeans-modules-j2me-cdc-project.jar" />
    <property name="netbeans.system_http_proxy" value="DIRECT" />
    <property name="libs.eclipselink.javadoc" value="" />
    <property name="libs.NetBeans MIDP Components WMA.maven-pom" value="" />
    <property name="libs.jsp-compilation.maven-pom" value="" />
    <property name="user.properties.file" value="/Users/petertran/.netbeans/7.0/build.properties" />
    <property name="runtime.encoding" value="UTF-8" />
    <property name="libs.spring-framework.src" value="" />
    <property name="libs.javac-api.maven-pom" value="" />
    <property name="file.encoding.pkg" value="sun.io" />
    <property name="sun.cpu.endian" value="little" />
    <property name="libs.JWSAntTasks.classpath" value="/Applications/NetBeans/NetBeans 7.0.1.app/Contents/Resources/NetBeans/java/ant/extra/org-netbeans-modules-javawebstart-anttasks.jar" />
    <property name="libs.spring-framework300.src" value="" />
    <property name="libs.ant-contrib.classpath" value="/Applications/NetBeans/NetBeans 7.0.1.app/Contents/Resources/NetBeans/mobility/modules/ext/ant-contrib-1.0b3.jar" />
    <property name="rubyplatform.Ruby.ruby_lib_dir" value="/System/Library/Frameworks/Ruby.framework/Versions/1.8/usr/lib/ruby/1.8" />
    <property name="rubyplatform.Ruby_1.ruby_lib_dir" value="/Users/petertran/.rvm/rubies/ruby-1.9.2-p320/lib/ruby/1.9.1" />
    <property name="rubyplatform.Ruby_0.ruby_patchlevel" value="194" />
    <property name="empty.dir" value="/Users/petertran/Documents/Development/Amazon_Scraper/build/empty" />
    <property name="version-output" value="java version &quot;1.6" />
    <property name="javadoc.preview" value="true" />
    <property name="socksNonProxyHosts" value="local|*.local|169.254/16|*.169.254/16" />
    <property name="rubyplatform.Ruby.gem_home" value="/Library/Ruby/Gems/1.8" />
    <property name="java.home" value="/System/Library/Java/JavaVirtualMachines/1.6.0.jdk/Contents/Home" />
    <property name="libs.ojec-ant-utils.javadoc" value="" />
    <property name="libs.jsp-compilation.src" value="" />
    <property name="libs.ricoh-ant-utils.src" value="" />
    <property name="libs.spring-webmvc.src" value="" />
    <property name="libs.ant-contrib.javadoc" value="" />
    <property name="debug.test.classpath" value=":build/classes:/Applications/NetBeans/NetBeans 7.0.1.app/Contents/Resources/NetBeans/platform/modules/ext/junit-4.8.2.jar:build/test/classes" />
    <property name="libs.javaee-endorsed-api-6.0.classpath" value="/Applications/NetBeans/NetBeans 7.0.1.app/Contents/Resources/NetBeans/enterprise/modules/ext/javaee6-endorsed/javax.annotation.jar:/Applications/NetBeans/NetBeans 7.0.1.app/Contents/Resources/NetBeans/enterprise/modules/ext/javaee6-endorsed/jaxb-api-osgi.jar:/Applications/NetBeans/NetBeans 7.0.1.app/Contents/Resources/NetBeans/enterprise/modules/ext/javaee6-endorsed/webservices-api-osgi.jar" />
    <property name="libs.javaee-api-6.0.src" value="" />
    <property name="netbeans.importclass" value="org.netbeans.upgrade.AutoUpgrade" />
    <property name="ant.project.default-target" value="default" />
    <property name="annotation.processing.run.all.processors" value="true" />
    <property name="libs.savaje-ant-utils.classpath" value="/Applications/NetBeans/NetBeans 7.0.1.app/Contents/Resources/NetBeans/mobility/modules/ext/org-netbeans-modules-j2me-cdc-project-savaje.jar" />
    <property name="libs.toplink.maven-pom" value="" />
    <property name="libs.DataBindingME.maven-pom" value="" />
    <property name="libs.PostgreSQLDriver.javadoc" value="" />
    <property name="libs.restlib.classpath" value="/Applications/NetBeans/NetBeans 7.0.1.app/Contents/Resources/NetBeans/enterprise/modules/ext/rest/asm-3.1.jar:/Applications/NetBeans/NetBeans 7.0.1.app/Contents/Resources/NetBeans/enterprise/modules/ext/rest/jackson-core-asl-1.1.1.jar:/Applications/NetBeans/NetBeans 7.0.1.app/Contents/Resources/NetBeans/enterprise/modules/ext/rest/jersey-client-1.3.jar:/Applications/NetBeans/NetBeans 7.0.1.app/Contents/Resources/NetBeans/enterprise/modules/ext/rest/jersey-core-1.3.jar:/Applications/NetBeans/NetBeans 7.0.1.app/Contents/Resources/NetBeans/enterprise/modules/ext/rest/jersey-json-1.3.jar:/Applications/NetBeans/NetBeans 7.0.1.app/Contents/Resources/NetBeans/enterprise/modules/ext/rest/jersey-multipart-1.3.jar:/Applications/NetBeans/NetBeans 7.0.1.app/Contents/Resources/NetBeans/enterprise/modules/ext/rest/jersey-server-1.3.jar:/Applications/NetBeans/NetBeans 7.0.1.app/Contents/Resources/NetBeans/enterprise/modules/ext/rest/jersey-spring-1.3.jar:/Applications/NetBeans/NetBeans 7.0.1.app/Contents/Resources/NetBeans/enterprise/modules/ext/rest/jettison-1.1.jar:/Applications/NetBeans/NetBeans 7.0.1.app/Contents/Resources/NetBeans/enterprise/modules/ext/rest/mimepull-1.4.jar:/Applications/NetBeans/NetBeans 7.0.1.app/Contents/Resources/NetBeans/enterprise/modules/ext/rest/oauth-client-1.3.jar:/Applications/NetBeans/NetBeans 7.0.1.app/Contents/Resources/NetBeans/enterprise/modules/ext/rest/oauth-signature-1.3.jar:/Applications/NetBeans/NetBeans 7.0.1.app/Contents/Resources/NetBeans/ide/modules/ext/jaxb/activation.jar:/Applications/NetBeans/NetBeans 7.0.1.app/Contents/Resources/NetBeans/ide/modules/ext/jaxb/api/jaxb-api.jar:/Applications/NetBeans/NetBeans 7.0.1.app/Contents/Resources/NetBeans/ide/modules/ext/jaxb/api/jsr173_api.jar" />
    <property name="libs.JMUnit4CLDC11.javadoc" value="/Applications/NetBeans/NetBeans 7.0.1.app/Contents/Resources/NetBeans/mobility/modules/docs/jmunit-1.2.1-api.zip" />
    <property name="libs.nsicom-ant-utils.maven-pom" value="" />
    <property name="libs.MySQLDriver.maven-pom" value="" />
    <property name="libs.savaje-ant-utils.src" value="" />
    <property name="http.nonProxyHosts" value="local|*.local|169.254/16|*.169.254/16" />
    <property name="libs.junit_4.javadoc" value="/Applications/NetBeans/NetBeans 7.0.1.app/Contents/Resources/NetBeans/java/docs/junit-4.8.2-api.zip" />
    <property name="libs.spring-webmvc.javadoc" value="" />
    <property name="libs.toplink.src" value="" />
    <property name="libs.EclipseLink-GlassFish-v3.maven-pom" value="" />
    <property name="libs.javaee-web-api-6.0.maven-pom" value="" />
    <property name="libs.cdc-pp-awt-layout.classpath" value="/Applications/NetBeans/NetBeans 7.0.1.app/Contents/Resources/NetBeans/mobility/modules/ext/cdc-pp-awt-layout.jar" />
    <property name="rubyplatform.Ruby.ruby_release_date" value="2010-01-10" />
    <property name="libs.cdc-agui-swing-layout.src" value="/Applications/NetBeans/NetBeans 7.0.1.app/Contents/Resources/NetBeans/mobility/sources/cdc-agui-swing-layout-src.zip" />
    <property name="run.classpath" value=":build/classes" />
    <property name="libs.hibernate-support.src" value="" />
    <property name="libs.javaee-endorsed-api-6.0.javadoc" value="/Applications/NetBeans/NetBeans 7.0.1.app/Contents/Resources/NetBeans/enterprise/docs/javaee6-doc-api.zip" />
    <property name="libs.JMUnit4CLDC11.classpath" value="/Applications/NetBeans/NetBeans 7.0.1.app/Contents/Resources/NetBeans/mobility/modules/ext/jmunit4cldc11-1.2.1.jar" />
    <property name="sun.awt.datatransfer.timeout" value="1000" />
    <property name="apple.awt.graphics.UseOpenGL" value="false" />
    <property name="libs.nb_svg_midp_components.classpath" value="/Applications/NetBeans/NetBeans 7.0.1.app/Contents/Resources/NetBeans/mobility/modules/ext/nb_svg_midp_components.jar" />
    <property name="libs.spring-webmvc3.0.javadoc" value="" />
    <property name="annotation.processing.enabled.in.editor" value="false" />
    <property name="libs.NetBeans MIDP Components PDA.classpath" value="/Applications/NetBeans/NetBeans 7.0.1.app/Contents/Resources/NetBeans/mobility/modules/ext/netbeans_midp_components_pda.jar" />
    <property name="libs.semc-ant-utils.maven-pom" value="" />
    <property name="libs.nokiadeployment.maven-pom" value="" />
    <property name="libs.restapi.src" value="" />
    <property name="libs.NetBeans MIDP Components.javadoc" value="/Applications/NetBeans/NetBeans 7.0.1.app/Contents/Resources/NetBeans/mobility/modules/docs/netbeans_midp_components_basic-api.zip" />
    <property name="sun.management.compiler" value="HotSpot 64-Bit Tiered Compilers" />
    <property name="javac.deprecation" value="false" />
    <property name="javadoc.use" value="true" />
    <property name="sun.java2d.noddraw" value="true" />
    <property name="libs.jsp-compiler.classpath" value="/Applications/NetBeans/NetBeans 7.0.1.app/Contents/Resources/NetBeans/enterprise/ant/extra/jspcompile.jar" />
    <property name="javac.processorpath" value="" />
    <property name="rubyplatform.Ruby_1.ruby_release_date" value="2012-04-20" />
    <property name="libs.spring-webmvc.classpath" value="/Applications/NetBeans/NetBeans 7.0.1.app/Contents/Resources/NetBeans/enterprise/modules/ext/spring/spring-webmvc-2.5.6.SEC01.jar" />
    <property name="javac.compilerargs" value="" />
    <property name="ant.file" value="/Users/petertran/Documents/Development/Amazon_Scraper/build.xml" />
    <property name="libs.beans-binding.maven-pom" value="" />
    <property name="libs.jsf12.classpath" value="/Applications/NetBeans/NetBeans 7.0.1.app/Contents/Resources/NetBeans/enterprise/modules/ext/jsf-1_2/commons-beanutils.jar:/Applications/NetBeans/NetBeans 7.0.1.app/Contents/Resources/NetBeans/enterprise/modules/ext/jsf-1_2/commons-collections.jar:/Applications/NetBeans/NetBeans 7.0.1.app/Contents/Resources/NetBeans/enterprise/modules/ext/jsf-1_2/commons-digester.jar:/Applications/NetBeans/NetBeans 7.0.1.app/Contents/Resources/NetBeans/enterprise/modules/ext/jsf-1_2/commons-logging.jar:/Applications/NetBeans/NetBeans 7.0.1.app/Contents/Resources/NetBeans/enterprise/modules/ext/jsf-1_2/jsf-api.jar:/Applications/NetBeans/NetBeans 7.0.1.app/Contents/Resources/NetBeans/enterprise/modules/ext/jsf-1_2/jsf-impl.jar" />
    <property name="sun.awt.exception.handler" value="org.netbeans.core.startup.TopLogging$AWTHandler" />
    <property name="libs.restapi.maven-pom" value="" />
    <property name="libs.beans-binding.src" value="" />
    <property name="libs.NetBeans MIDP Components PDA.javadoc" value="/Applications/NetBeans/NetBeans 7.0.1.app/Contents/Resources/NetBeans/mobility/modules/docs/netbeans_midp_components_pda-api.zip" />
    <property name="java.vm.specification.vendor" value="Sun Microsystems Inc." />
    <property name="libs.DataBindingME-PIM.javadoc" value="/Applications/NetBeans/NetBeans 7.0.1.app/Contents/Resources/NetBeans/mobility/modules/docs/netbeans_databindingme_pim-api.zip" />
    <property name="libs.Java-EE-GlassFish-v3.embedabbleejb" value="" />
    <property name="libs.swing-layout.src" value="/Applications/NetBeans/NetBeans 7.0.1.app/Contents/Resources/NetBeans/platform/docs/swing-layout-1.0.4-src.zip" />
    <property name="org.openide.major.version" value="IDE/1" />
    <property name="libs.j2me_ant_ext.src" value="" />
    <property name="java.vm.name" value="Java HotSpot(TM) 64-Bit Server VM" />
    <property name="netbeans.user" value="/Users/petertran/.netbeans/7.0" />
    <property name="javadoc.additionalparam" value="" />
    <property name="libs.ricoh-ant-utils.classpath" value="/Applications/NetBeans/NetBeans 7.0.1.app/Contents/Resources/NetBeans/mobility/modules/ext/org-netbeans-modules-j2me-cdc-project-ricoh.jar:/Applications/NetBeans/NetBeans 7.0.1.app/Contents/Resources/NetBeans/mobility/modules/ext/RicohAntTasks-2.0.jar:/Applications/NetBeans/NetBeans 7.0.1.app/Contents/Resources/NetBeans/mobility/modules/ext/commons-httpclient-3.0.jar:/Applications/NetBeans/NetBeans 7.0.1.app/Contents/Resources/NetBeans/ide/modules/ext/commons-logging-1.1.jar:/Applications/NetBeans/NetBeans 7.0.1.app/Contents/Resources/NetBeans/mobility/modules/ext/commons-codec-1.3.jar" />
    <property name="java.vendor.url" value="http://www.apple.com/" />
    <property name="java.io.tmpdir" value="/var/folders/v0/zzwljsg14g30_x8529jqgbdw0000gn/T/" />
    <property name="endorsed.classpath.cmd.line.arg" value="-Xbootclasspath/p:&apos;/Users/petertran/Documents/Development/Amazon_Scraper/${endorsed.classpath}&apos;" />
    <property name="libs.jsp-compiler.src" value="" />
    <property name="rubyplatform.Ruby_0.gem_version" value="1.8.24" />
    <property name="mrj.build" value="11M3720" />
    <property name="have.sources" value="true" />
    <property name="sun.boot.library.path" value="/System/Library/Java/JavaVirtualMachines/1.6.0.jdk/Contents/Libraries" />
    <property name="debug.classpath" value=":build/classes" />
    <property name="javadoc.private" value="false" />
    <property name="test.src.dir" value="test" />
    <property name="libs.jsf20.classpath" value="/Applications/NetBeans/NetBeans 7.0.1.app/Contents/Resources/NetBeans/enterprise/modules/ext/jsf-2_1/jsf-api.jar:/Applications/NetBeans/NetBeans 7.0.1.app/Contents/Resources/NetBeans/enterprise/modules/ext/jsf-2_1/jsf-impl.jar" />
    <property name="ap.processors.internal" value="" />
    <property name="meta.inf.dir" value="src/META-INF" />
    <property name="javadoc.encoding.used" value="UTF-8" />
    <property name="libs.DataBindingME-SVG.src" value="/Applications/NetBeans/NetBeans 7.0.1.app/Contents/Resources/NetBeans/mobility/sources/netbeans_databindingme_svg-src.zip" />
    <property name="dist.jar" value="dist/Amazon_Scraper.jar" />
    <property name="java.runtime.name" value="Java(TM) SE Runtime Environment" />
    <property name="ant.project.name" value="Amazon_Scraper" />
    <property name="netbeans.hash.code" value="unique=NB_JAVA_WEBEE_MOB_CND_GROOVY_PHP_GFMOD05382b0c4-1cbb-4844-8c74-d2e0e0d7e5a2_3b6e232f-52bb-4b99-81f6-dd9c641b6b89" />
    <property name="libs.jsp-compilation-syscp.maven-pom" value="" />
    <property name="manifest.available-mkdist.available" value="true" />
    <property name="libs.j2me_ant_ext.maven-pom" value="" />
    <property name="sun.cpu.isalist" value="" />
    <property name="libs.CopyLibs.javadoc" value="" />
    <property name="org.openide.specification.version" value="6.2" />
    <property name="libs.ActiveSync.javadoc" value="" />
    <property name="libs.DataBindingME-PIM.classpath" value="/Applications/NetBeans/NetBeans 7.0.1.app/Contents/Resources/NetBeans/mobility/modules/ext/netbeans_databindingme_pim.jar" />
    <property name="libs.hibernate-support.classpath" value="/Applications/NetBeans/NetBeans 7.0.1.app/Contents/Resources/NetBeans/java/modules/ext/hibernate/antlr-2.7.6.jar:/Applications/NetBeans/NetBeans 7.0.1.app/Contents/Resources/NetBeans/java/modules/ext/hibernate/asm.jar:/Applications/NetBeans/NetBeans 7.0.1.app/Contents/Resources/NetBeans/java/modules/ext/hibernate/asm-attrs.jar:/Applications/NetBeans/NetBeans 7.0.1.app/Contents/Resources/NetBeans/java/modules/ext/hibernate/cglib-2.1.3.jar:/Applications/NetBeans/NetBeans 7.0.1.app/Contents/Resources/NetBeans/java/modules/ext/hibernate/commons-collections-2.1.1.jar:/Applications/NetBeans/NetBeans 7.0.1.app/Contents/Resources/NetBeans/ide/modules/ext/commons-logging-1.1.jar:/Applications/NetBeans/NetBeans 7.0.1.app/Contents/Resources/NetBeans/java/modules/ext/hibernate/dom4j-1.6.1.jar:/Applications/NetBeans/NetBeans 7.0.1.app/Contents/Resources/NetBeans/java/modules/ext/hibernate/ehcache-1.2.3.jar:/Applications/NetBeans/NetBeans 7.0.1.app/Contents/Resources/NetBeans/java/modules/ext/hibernate/jdbc2_0-stdext.jar:/Applications/NetBeans/NetBeans 7.0.1.app/Contents/Resources/NetBeans/java/modules/ext/hibernate/jta.jar:/Applications/NetBeans/NetBeans 7.0.1.app/Contents/Resources/NetBeans/java/modules/ext/hibernate/hibernate3.jar:/Applications/NetBeans/NetBeans 7.0.1.app/Contents/Resources/NetBeans/java/modules/ext/hibernate/hibernate-tools.jar:/Applications/NetBeans/NetBeans 7.0.1.app/Contents/Resources/NetBeans/java/modules/ext/hibernate/hibernate-annotations.jar:/Applications/NetBeans/NetBeans 7.0.1.app/Contents/Resources/NetBeans/java/modules/ext/hibernate/hibernate-commons-annotations.jar:/Applications/NetBeans/NetBeans 7.0.1.app/Contents/Resources/NetBeans/java/modules/ext/hibernate/hibernate-entitymanager.jar:/Applications/NetBeans/NetBeans 7.0.1.app/Contents/Resources/NetBeans/java/modules/ext/hibernate/javassist.jar" />
    <property name="user.home" value="/Users/petertran" />
    <property name="annotation.processing.processors.list" value="" />
    <property name="debug-args-line" value="-Xdebug" />
    <property name="libs.primefaces.maven-pom" value="" />
    <property name="libs.NetBeans MIDP Components.classpath" value="/Applications/NetBeans/NetBeans 7.0.1.app/Contents/Resources/NetBeans/mobility/modules/ext/netbeans_midp_components_basic.jar" />
    <property name="libs.javaee-api-6.0.maven-pom" value="" />
    <property name="libs.JWSAntTasks.src" value="" />
    <property name="libs.CopyLibs.maven-pom" value="" />
    <property name="jar.index" value="false" />
    <property name="libs.hibernate-persistence.maven-pom" value="" />
    <property name="libs.spring-framework300.javadoc" value="" />
    <property name="libs.absolutelayout.javadoc" value="" />
    <property name="java.specification.name" value="Java Platform API Specification" />
    <property name="libs.swing-app-framework.maven-pom" value="" />
    <property name="nu.validator.spec.microsyntax-descriptions" value="jar:file:/Applications/NetBeans/NetBeans%207.0.1.app/Contents/Resources/NetBeans/ide/modules/ext/validator.jar!/nu/validator/localentities/files/wiki_whatwg_org_wiki_MicrosyntaxDescriptions" />
    <property name="libs.NetBeans MIDP Components WMA.classpath" value="/Applications/NetBeans/NetBeans 7.0.1.app/Contents/Resources/NetBeans/mobility/modules/ext/netbeans_midp_components_wma.jar" />
    <property name="libs.jakarta_slide_ant_webdav.maven-pom" value="" />
    <property name="do.archive+main.class.available" value="true" />
    <property name="rubyplatform.Ruby_0.gem_home" value="/Users/petertran/.rvm/rubies/ruby-1.9.3-p194/lib/ruby/gems/1.9.1" />
    <property name="libs.sjmc-ant-utils.src" value="" />
    <property name="libs.cdc-agui-swing-layout.javadoc" value="" />
    <property name="java.specification.vendor" value="Sun Microsystems Inc." />
    <property name="libs.javac-api.classpath" value="/Applications/NetBeans/NetBeans 7.0.1.app/Contents/Resources/NetBeans/java/modules/ext/javac-api-nb-7.0-b07.jar" />
    <property name="java.version" value="1.6.0_33" />
    <property name="libs.nokiaS80-ant-utils.classpath" value="/Applications/NetBeans/NetBeans 7.0.1.app/Contents/Resources/NetBeans/mobility/modules/ext/org-netbeans-modules-j2me-cdc-project-nokiaS80.jar" />
    <property name="javadoc.version" value="false" />
    <property name="libs.NetBeans MIDP Components WMA.javadoc" value="/Applications/NetBeans/NetBeans 7.0.1.app/Contents/Resources/NetBeans/mobility/modules/docs/netbeans_midp_components_wma-api.zip" />
    <property name="libs.MySQLDriver.javadoc" value="" />
    <property name="org.openide.version" value="deprecated" />
    <property name="libs.restlib_gfv3ee6.maven-pom" value="" />
    <property name="source.encoding" value="UTF-8" />
    <property name="libs.ActiveSync.maven-pom" value="" />
    <property name="ap.cmd.line.internal" value="" />
    <property name="libs.eclipselinkmodelgen.maven-pom" value="" />
    <property name="libs.jsp-compilation-syscp.javadoc" value="" />
    <property name="awt.nativeDoubleBuffering" value="true" />
    <property name="rubyplatform.Ruby.ruby_patchlevel" value="249" />
    <property name="libs.junit.maven-pom" value="" />
    <property name="libs.eclipselinkmodelgen.javadoc" value="" />
    <property name="libs.metro.javadoc" value="/Applications/NetBeans/NetBeans 7.0.1.app/Contents/Resources/NetBeans/enterprise/docs/metro-1.4-doc.zip" />
    <property name="libs.struts.maven-pom" value="" />
    <property name="netbeans.home+have.tests" value="true" />
    <property name="rubyplatform.Ruby.ruby_version" value="1.8.7" />
    <property name="annotation.processing.processor.options" value="" />
    <property name="rubyplatform.Ruby_1.ruby_version" value="1.9.2" />
    <property name="libs.jaxb.src" value="" />
    <property name="libs.Java-EE-GlassFish-v3.wsgenerate" value="" />
    <property name="libs.cdc-ant-utils.src" value="" />
    <property name="work.dir" value="/Users/petertran/Documents/Development/Amazon_Scraper" />
    <property name="libs.jaxb.classpath" value="/Applications/NetBeans/NetBeans 7.0.1.app/Contents/Resources/NetBeans/ide/modules/ext/jaxb/jaxb-impl.jar:/Applications/NetBeans/NetBeans 7.0.1.app/Contents/Resources/NetBeans/ide/modules/ext/jaxb/jaxb-xjc.jar:/Applications/NetBeans/NetBeans 7.0.1.app/Contents/Resources/NetBeans/ide/modules/ext/jaxb/jaxb1-impl.jar:/Applications/NetBeans/NetBeans 7.0.1.app/Contents/Resources/NetBeans/ide/modules/ext/jaxb/activation.jar:/Applications/NetBeans/NetBeans 7.0.1.app/Contents/Resources/NetBeans/ide/modules/ext/jaxb/api/jaxb-api.jar:/Applications/NetBeans/NetBeans 7.0.1.app/Contents/Resources/NetBeans/ide/modules/ext/jaxb/api/jsr173_api.jar" />
    <property name="ant.file.Amazon_Scraper" value="/Users/petertran/Documents/Development/Amazon_Scraper/build.xml" />
    <property name="do.depend" value="false" />
    <property name="dist.javadoc.dir" value="dist/javadoc" />
    <property name="libs.spring-webmvc3.0.classpath" value="/Applications/NetBeans/NetBeans 7.0.1.app/Contents/Resources/NetBeans/java/modules/ext/spring-3.0/spring-webmvc-3.0.2.RELEASE.jar" />
    <property name="libs.swing-layout.classpath" value="/Applications/NetBeans/NetBeans 7.0.1.app/Contents/Resources/NetBeans/platform/modules/ext/swing-layout-1.0.4.jar" />
    <property name="libs.restlib.src" value="" />
    <property name="javac.source" value="1.6" />
    <property name="build.generated.dir" value="build/generated" />
    <property name="rubyplatform.Ruby.ruby_platform" value="universal-darwin11.0" />
    <property name="line.separator" value="&#xa;" />
    <property name="libs.hibernate-persistence.src" value="" />
    <property name="libs.nb_svg_midp_components.javadoc" value="/Applications/NetBeans/NetBeans 7.0.1.app/Contents/Resources/NetBeans/mobility/modules/docs/nb_svg_midp_components-api.zip" />
    <property name="java.specification.version" value="1.6" />
    <property name="java.vm.info" value="mixed mode" />
    <property name="libs.jaxws21.maven-pom" value="" />
    <property name="libs.cdc-ant-utils.javadoc" value="" />
    <property name="junit.forkmode" value="perTest" />
    <property name="libs.ojec-ant-utils.classpath" value="/Applications/NetBeans/NetBeans 7.0.1.app/Contents/Resources/NetBeans/mobility/modules/ext/org-netbeans-modules-j2me-cdc-project-ojec.jar" />
    <property name="rubyplatform.Ruby_1.gem_path" value="/Users/petertran/.rvm/rubies/ruby-1.9.2-p320/lib/ruby/gems/1.9.1:/Users/petertran/.gem/ruby/1.9.1" />
    <property name="libs.spring-framework.maven-pom" value="" />
    <property name="sun.boot.class.path" value="/Users/petertran/Documents/Development/Amazon_Scraper/${endorsed.classpath}:/System/Library/Java/JavaVirtualMachines/1.6.0.jdk/Contents/Classes/jsfd.jar:/System/Library/Java/JavaVirtualMachines/1.6.0.jdk/Contents/Classes/classes.jar:/System/Library/Frameworks/JavaVM.framework/Frameworks/JavaRuntimeSupport.framework/Resources/Java/JavaRuntimeSupport.jar:/System/Library/Java/JavaVirtualMachines/1.6.0.jdk/Contents/Classes/ui.jar:/System/Library/Java/JavaVirtualMachines/1.6.0.jdk/Contents/Classes/laf.jar:/System/Library/Java/JavaVirtualMachines/1.6.0.jdk/Contents/Classes/sunrsasign.jar:/System/Library/Java/JavaVirtualMachines/1.6.0.jdk/Contents/Classes/jsse.jar:/System/Library/Java/JavaVirtualMachines/1.6.0.jdk/Contents/Classes/jce.jar:/System/Library/Java/JavaVirtualMachines/1.6.0.jdk/Contents/Classes/charsets.jar" />
    <property name="javac.target" value="1.6" />
    <property name="built-jar.properties" value="/Users/petertran/Documents/Development/Amazon_Scraper/build/built-jar.properties" />
    <property name="build.test.classes.dir" value="build/test/classes" />
    <property name="src.dir" value="src" />
    <property name="annotation.processing.enabled" value="true" />
    <property name="libs.jsf20.src" value="" />
    <property name="libs.jsf12.src" value="" />
    <property name="libs.DataBindingME-SVG.maven-pom" value="" />
    <property name="libs.nokiadeployment.src" value="" />
    <property name="libs.savaje-ant-utils.javadoc" value="" />
    <property name="libs.struts.javadoc" value="/Applications/NetBeans/NetBeans 7.0.1.app/Contents/Resources/NetBeans/enterprise/docs/struts-1.3.8-javadoc.zip" />
    <property name="ignore.failing.tests" value="true" />
    <property name="libs.cdc-ant-utils.maven-pom" value="" />
    <property name="libs.Comet-GlassFish-v3.classpath" value="/Applications/NetBeans/glassfish-3.1.1/glassfish/modules/grizzly-comet.jar" />
    <property name="libs.restlib_gfv3ee6.javadoc" value="/Applications/NetBeans/NetBeans 7.0.1.app/Contents/Resources/NetBeans/enterprise/docs/jsr311-api-1.1.1-javadoc.zip:/Applications/NetBeans/NetBeans 7.0.1.app/Contents/Resources/NetBeans/enterprise/docs/jersey-client-1.3-javadoc.zip:/Applications/NetBeans/NetBeans 7.0.1.app/Contents/Resources/NetBeans/enterprise/docs/jersey-json-1.3-javadoc.zip:/Applications/NetBeans/NetBeans 7.0.1.app/Contents/Resources/NetBeans/enterprise/docs/jersey-multipart-1.3-javadoc.zip" />
    <property name="libs.primefaces.src" value="" />
    <property name="libs.cdc-agui-swing-layout.classpath" value="/Applications/NetBeans/NetBeans 7.0.1.app/Contents/Resources/NetBeans/mobility/modules/ext/cdc-agui-swing-layout.jar" />
    <property name="dist.dir" value="dist" />
    <property name="libs.groovy-all.javadoc" value="" />
    <property name="do.archive+manifest.available+main.class" value="true" />
    <property name="libs.groovy-all.classpath" value="/Applications/NetBeans/NetBeans 7.0.1.app/Contents/Resources/NetBeans/groovy/modules/ext/groovy-all.jar" />
    <property name="javac.fork" value="false" />
    <property name="libs.sjmc-ant-utils.classpath" value="/Applications/NetBeans/NetBeans 7.0.1.app/Contents/Resources/NetBeans/mobility/modules/ext/org-netbeans-modules-j2me-cdc-project-sjmc.jar" />
    <property name="libs.JMUnit4CLDC10.classpath" value="/Applications/NetBeans/NetBeans 7.0.1.app/Contents/Resources/NetBeans/mobility/modules/ext/jmunit4cldc10-1.2.1.jar" />
    <property name="java.awt.printerjob" value="apple.awt.CPrinterJob" />
    <property name="default.javac.source" value="1.6" />
    <property name="debug-transport-by-os" value="dt_socket" />
    <property name="sun.jnu.encoding" value="MacRoman" />
    <property name="libs.MySQLDriver.src" value="" />
    <property name="libs.ant-contrib.maven-pom" value="" />
    <property name="libs.nokiadeployment.javadoc" value="" />
    <property name="build.test.results.dir" value="build/test/results" />
    <property name="java.runtime.version" value="1.6.0_33-b03-424-11M3720" />
    <property name="libs.ejb3-persistence.javadoc" value="" />
    <property name="rubyplatform.Ruby_1.gem_version" value="1.8.24" />
    <property name="libs.NetBeans MIDP Components.src" value="/Applications/NetBeans/NetBeans 7.0.1.app/Contents/Resources/NetBeans/mobility/sources/netbeans_midp_components_basic-src.zip" />
    <property name="manifest.available+main.class+mkdist.available" value="true" />
    <property name="libs.sjmc-ant-utils.javadoc" value="" />
    <property name="jna.platform.library.path" value="/usr/lib:/usr/lib" />
    <property name="default.javac.target" value="1.6" />
    <property name="libs.junit_4.classpath" value="/Applications/NetBeans/NetBeans 7.0.1.app/Contents/Resources/NetBeans/platform/modules/ext/junit-4.8.2.jar" />
    <property name="libs.Java-EE-GlassFish-v3.src" value="" />
    <property name="user.timezone" value="" />
    <property name="libs.ant-contrib.src" value="" />
    <property name="libs.javaee-endorsed-api-6.0.maven-pom" value="" />
    <property name="netbeans.dirs" value="/Applications/NetBeans/NetBeans 7.0.1.app/Contents/Resources/NetBeans/nb:/Applications/NetBeans/NetBeans 7.0.1.app/Contents/Resources/NetBeans/ergonomics:/Applications/NetBeans/NetBeans 7.0.1.app/Contents/Resources/NetBeans/ide:/Applications/NetBeans/NetBeans 7.0.1.app/Contents/Resources/NetBeans/java:/Applications/NetBeans/NetBeans 7.0.1.app/Contents/MacOS/../Resources/NetBeans/bin/../xml:/Applications/NetBeans/NetBeans 7.0.1.app/Contents/Resources/NetBeans/apisupport:/Applications/NetBeans/NetBeans 7.0.1.app/Contents/MacOS/../Resources/NetBeans/bin/../webcommon:/Applications/NetBeans/NetBeans 7.0.1.app/Contents/Resources/NetBeans/websvccommon:/Applications/NetBeans/NetBeans 7.0.1.app/Contents/Resources/NetBeans/enterprise:/Applications/NetBeans/NetBeans 7.0.1.app/Contents/Resources/NetBeans/mobility:/Applications/NetBeans/NetBeans 7.0.1.app/Contents/Resources/NetBeans/profiler:/Applications/NetBeans/NetBeans 7.0.1.app/Contents/Resources/NetBeans/ruby:/Applications/NetBeans/NetBeans 7.0.1.app/Contents/MacOS/../Resources/NetBeans/bin/../python:/Applications/NetBeans/NetBeans 7.0.1.app/Contents/Resources/NetBeans/php:/Applications/NetBeans/NetBeans 7.0.1.app/Contents/MacOS/../Resources/NetBeans/bin/../visualweb:/Applications/NetBeans/NetBeans 7.0.1.app/Contents/MacOS/../Resources/NetBeans/bin/../soa:/Applications/NetBeans/NetBeans 7.0.1.app/Contents/MacOS/../Resources/NetBeans/bin/../identity:/Applications/NetBeans/NetBeans 7.0.1.app/Contents/MacOS/../Resources/NetBeans/bin/../uml:/Applications/NetBeans/NetBeans 7.0.1.app/Contents/Resources/NetBeans/harness:/Applications/NetBeans/NetBeans 7.0.1.app/Contents/Resources/NetBeans/cnd:/Applications/NetBeans/NetBeans 7.0.1.app/Contents/Resources/NetBeans/dlight:/Applications/NetBeans/NetBeans 7.0.1.app/Contents/Resources/NetBeans/groovy:/Applications/NetBeans/NetBeans 7.0.1.app/Contents/MacOS/../Resources/NetBeans/bin/../extra:/Applications/NetBeans/NetBeans 7.0.1.app/Contents/MacOS/../Resources/NetBeans/bin/../javafx:/Applications/NetBeans/NetBeans 7.0.1.app/Contents/MacOS/../Resources/NetBeans/bin/../javacard:" />
    <property name="libs.jsf20.javadoc" value="/Applications/NetBeans/NetBeans 7.0.1.app/Contents/Resources/NetBeans/enterprise/docs/javaee6-doc-api.zip" />
    <property name="libs.restlib_gfv3ee6.src" value="" />
    <property name="java.ext.dirs" value="/Library/Java/Extensions:/System/Library/Java/Extensions:/System/Library/Java/JavaVirtualMachines/1.6.0.jdk/Contents/Home/lib/ext" />
    <property name="libs.metro.src" value="" />
    <property name="libs.semc-ant-utils.src" value="" />
    <property name="libs.savaje-ant-utils.maven-pom" value="" />
    <property name="libs.absolutelayout.classpath" value="/Applications/NetBeans/NetBeans 7.0.1.app/Contents/Resources/NetBeans/java/modules/ext/AbsoluteLayout.jar" />
    <property name="excludes" value="" />
    <property name="libs.restlib.maven-pom" value="" />
    <property name="libs.metro.classpath" value="/Applications/NetBeans/NetBeans 7.0.1.app/Contents/Resources/NetBeans/ide/modules/ext/jaxb/activation.jar:/Applications/NetBeans/NetBeans 7.0.1.app/Contents/Resources/NetBeans/enterprise/modules/ext/metro/webservices-api.jar:/Applications/NetBeans/NetBeans 7.0.1.app/Contents/Resources/NetBeans/enterprise/modules/ext/metro/webservices-extra-api.jar:/Applications/NetBeans/NetBeans 7.0.1.app/Contents/Resources/NetBeans/enterprise/modules/ext/metro/webservices-extra.jar:/Applications/NetBeans/NetBeans 7.0.1.app/Contents/Resources/NetBeans/enterprise/modules/ext/metro/webservices-rt.jar:/Applications/NetBeans/NetBeans 7.0.1.app/Contents/Resources/NetBeans/enterprise/modules/ext/metro/webservices-tools.jar" />
    <property name="libs.DataBindingME.javadoc" value="/Applications/NetBeans/NetBeans 7.0.1.app/Contents/Resources/NetBeans/mobility/modules/docs/netbeans_databindingme-api.zip" />
    <property name="apple.laf.useScreenMenuBar" value="true" />
    <property name="java.class.path" value="/Users/petertran/Documents/Development/Amazon_Scraper/build/classes:/Applications/NetBeans/NetBeans 7.0.1.app/Contents/Resources/NetBeans/platform/modules/ext/junit-4.8.2.jar:/Users/petertran/Documents/Development/Amazon_Scraper/build/test/classes:/Applications/NetBeans/NetBeans 7.0.1.app/Contents/Resources/NetBeans/java/ant/lib/ant-launcher.jar:/Applications/NetBeans/NetBeans 7.0.1.app/Contents/Resources/NetBeans/java/ant/lib/ant.jar:/Applications/NetBeans/NetBeans 7.0.1.app/Contents/Resources/NetBeans/java/ant/lib/ant-junit.jar:/Applications/NetBeans/NetBeans 7.0.1.app/Contents/Resources/NetBeans/java/ant/lib/ant-junit4.jar" />
    <property name="do.mkdist" value="true" />
    <property name="libs.absolutelayout.src" value="" />
    <property name="libs.cdc-pp-awt-layout.maven-pom" value="" />
    <property name="os.version" value="10.7.4" />
    <property name="application.args" value="" />
    <property name="libs.EclipseLink-GlassFish-v3.javadoc" value="/Applications/NetBeans/NetBeans 7.0.1.app/Contents/Resources/NetBeans/enterprise/docs/javaee6-doc-api.zip" />
    <property name="libs.JMUnit4CLDC11.maven-pom" value="" />
    <property name="main.class.available" value="true" />
    <property name="libs.toplink.javadoc" value="" />
    <property name="libs.nb_svg_midp_components.maven-pom" value="" />
    <property name="libs.ricoh-ant-utils.javadoc" value="" />
    <property name="libs.Comet-GlassFish-v3.src" value="" />
    <property name="libs.NetBeans MIDP Components PDA.maven-pom" value="" />
    <property name="libs.restlib.javadoc" value="/Applications/NetBeans/NetBeans 7.0.1.app/Contents/Resources/NetBeans/enterprise/docs/jersey-client-1.3-javadoc.zip:/Applications/NetBeans/NetBeans 7.0.1.app/Contents/Resources/NetBeans/enterprise/docs/jersey-core-1.1.5.1-javadoc.zip:/Applications/NetBeans/NetBeans 7.0.1.app/Contents/Resources/NetBeans/enterprise/docs/jersey-json-1.3-javadoc.zip:/Applications/NetBeans/NetBeans 7.0.1.app/Contents/Resources/NetBeans/enterprise/docs/jersey-multipart-1.3-javadoc.zip:/Applications/NetBeans/NetBeans 7.0.1.app/Contents/Resources/NetBeans/enterprise/docs/jersey-spring-1.3-javadoc.zip:/Applications/NetBeans/NetBeans 7.0.1.app/Contents/Resources/NetBeans/enterprise/docs/oauth-client-1.3-javadoc.zip:/Applications/NetBeans/NetBeans 7.0.1.app/Contents/Resources/NetBeans/enterprise/docs/oauth-signature-1.3-javadoc.zip" />
    <property name="libs.eclipselink.classpath" value="/Applications/NetBeans/NetBeans 7.0.1.app/Contents/Resources/NetBeans/java/modules/ext/eclipselink/eclipselink-2.2.0.jar:/Applications/NetBeans/NetBeans 7.0.1.app/Contents/Resources/NetBeans/java/modules/ext/eclipselink/eclipselink-javax.persistence-2.0.jar" />
    <property name="libs.beans-binding.javadoc" value="/Applications/NetBeans/NetBeans 7.0.1.app/Contents/Resources/NetBeans/java/docs/beansbinding-1.2.1-doc.zip" />
    <property name="java.awt.graphicsenv" value="apple.awt.CGraphicsEnvironment" />
    <property name="libs.Java-EE-GlassFish-v3.classpath" value="/Applications/NetBeans/glassfish-3.1.1/glassfish/modules/jaxrpc-api-osgi.jar:/Applications/NetBeans/glassfish-3.1.1/glassfish/modules/javax.jms.jar:/Applications/NetBeans/glassfish-3.1.1/glassfish/modules/weld-osgi-bundle.jar:/Applications/NetBeans/glassfish-3.1.1/glassfish/modules/jsf-impl.jar:/Applications/NetBeans/glassfish-3.1.1/glassfish/modules/javax.persistence.jar:/Applications/NetBeans/glassfish-3.1.1/glassfish/modules/jaxr-api-osgi.jar:/Applications/NetBeans/glassfish-3.1.1/glassfish/modules/javax.security.jacc.jar:/Applications/NetBeans/glassfish-3.1.1/glassfish/modules/endorsed/webservices-api-osgi.jar:/Applications/NetBeans/glassfish-3.1.1/glassfish/modules/javax.resource.jar:/Applications/NetBeans/glassfish-3.1.1/glassfish/modules/javax.enterprise.deploy.jar:/Applications/NetBeans/glassfish-3.1.1/glassfish/modules/endorsed/javax.annotation.jar:/Applications/NetBeans/glassfish-3.1.1/glassfish/modules/endorsed/jaxb-api-osgi.jar:/Applications/NetBeans/glassfish-3.1.1/glassfish/modules/javax.management.j2ee.jar:/Applications/NetBeans/glassfish-3.1.1/glassfish/modules/javax.ejb.jar:/Applications/NetBeans/glassfish-3.1.1/glassfish/modules/javax.mail.jar:/Applications/NetBeans/glassfish-3.1.1/glassfish/modules/javax.servlet.jsp.jar:/Applications/NetBeans/glassfish-3.1.1/glassfish/modules/javax.servlet.jsp.jstl.jar:/Applications/NetBeans/glassfish-3.1.1/glassfish/modules/jsf-api.jar:/Applications/NetBeans/glassfish-3.1.1/glassfish/modules/bean-validator.jar:/Applications/NetBeans/glassfish-3.1.1/glassfish/modules/javax.servlet.jar:/Applications/NetBeans/glassfish-3.1.1/glassfish/modules/javax.security.auth.message.jar:/Applications/NetBeans/glassfish-3.1.1/glassfish/modules/javax.transaction.jar:/Applications/NetBeans/glassfish-3.1.1/glassfish/modules/jersey-core.jar:/Applications/NetBeans/glassfish-3.1.1/glassfish/modules/jstl-impl.jar:/Applications/NetBeans/glassfish-3.1.1/glassfish/modules/web-core.jar:/Applications/NetBeans/glassfish-3.1.1/glassfish/modules/jackson-core-asl.jar:/Applications/NetBeans/glassfish-3.1.1/glassfish/modules/jackson-jaxrs.jar:/Applications/NetBeans/glassfish-3.1.1/glassfish/modules/jackson-mapper-asl.jar:/Applications/NetBeans/glassfish-3.1.1/glassfish/modules/jersey-client.jar:/Applications/NetBeans/glassfish-3.1.1/glassfish/modules/jersey-core.jar:/Applications/NetBeans/glassfish-3.1.1/glassfish/modules/jersey-gf-server.jar:/Applications/NetBeans/glassfish-3.1.1/glassfish/modules/jersey-json.jar:/Applications/NetBeans/glassfish-3.1.1/glassfish/modules/jersey-multipart.jar:/Applications/NetBeans/glassfish-3.1.1/glassfish/modules/jettison.jar:/Applications/NetBeans/glassfish-3.1.1/glassfish/modules/mimepull.jar" />
    <property name="java.vm.vendor" value="Apple Inc." />
    <property name="libs.CopyLibs.classpath" value="/Applications/NetBeans/NetBeans 7.0.1.app/Contents/Resources/NetBeans/java/ant/extra/org-netbeans-modules-java-j2seproject-copylibstask.jar" />
    <property name="libs.spring-framework300.classpath" value="/Applications/NetBeans/NetBeans 7.0.1.app/Contents/Resources/NetBeans/ide/modules/ext/commons-logging-1.1.jar:/Applications/NetBeans/NetBeans 7.0.1.app/Contents/Resources/NetBeans/java/modules/ext/cglib-2.2.jar:/Applications/NetBeans/NetBeans 7.0.1.app/Contents/Resources/NetBeans/java/modules/ext/spring-3.0/spring-aop-3.0.2.RELEASE.jar:/Applications/NetBeans/NetBeans 7.0.1.app/Contents/Resources/NetBeans/java/modules/ext/spring-3.0/spring-asm-3.0.2.RELEASE.jar:/Applications/NetBeans/NetBeans 7.0.1.app/Contents/Resources/NetBeans/java/modules/ext/spring-3.0/spring-aspects-3.0.2.RELEASE.jar:/Applications/NetBeans/NetBeans 7.0.1.app/Contents/Resources/NetBeans/java/modules/ext/spring-3.0/spring-beans-3.0.2.RELEASE.jar:/Applications/NetBeans/NetBeans 7.0.1.app/Contents/Resources/NetBeans/java/modules/ext/spring-3.0/spring-context-3.0.2.RELEASE.jar:/Applications/NetBeans/NetBeans 7.0.1.app/Contents/Resources/NetBeans/java/modules/ext/spring-3.0/spring-context-support-3.0.2.RELEASE.jar:/Applications/NetBeans/NetBeans 7.0.1.app/Contents/Resources/NetBeans/java/modules/ext/spring-3.0/spring-core-3.0.2.RELEASE.jar:/Applications/NetBeans/NetBeans 7.0.1.app/Contents/Resources/NetBeans/java/modules/ext/spring-3.0/spring-expression-3.0.2.RELEASE.jar:/Applications/NetBeans/NetBeans 7.0.1.app/Contents/Resources/NetBeans/java/modules/ext/spring-3.0/spring-instrument-3.0.2.RELEASE.jar:/Applications/NetBeans/NetBeans 7.0.1.app/Contents/Resources/NetBeans/java/modules/ext/spring-3.0/spring-instrument-tomcat-3.0.2.RELEASE.jar:/Applications/NetBeans/NetBeans 7.0.1.app/Contents/Resources/NetBeans/java/modules/ext/spring-3.0/spring-jdbc-3.0.2.RELEASE.jar:/Applications/NetBeans/NetBeans 7.0.1.app/Contents/Resources/NetBeans/java/modules/ext/spring-3.0/spring-jms-3.0.2.RELEASE.jar:/Applications/NetBeans/NetBeans 7.0.1.app/Contents/Resources/NetBeans/java/modules/ext/spring-3.0/spring-orm-3.0.2.RELEASE.jar:/Applications/NetBeans/NetBeans 7.0.1.app/Contents/Resources/NetBeans/java/modules/ext/spring-3.0/spring-oxm-3.0.2.RELEASE.jar:/Applications/NetBeans/NetBeans 7.0.1.app/Contents/Resources/NetBeans/java/modules/ext/spring-3.0/spring-test-3.0.2.RELEASE.jar:/Applications/NetBeans/NetBeans 7.0.1.app/Contents/Resources/NetBeans/java/modules/ext/spring-3.0/spring-tx-3.0.2.RELEASE.jar:/Applications/NetBeans/NetBeans 7.0.1.app/Contents/Resources/NetBeans/java/modules/ext/spring-3.0/spring-web-3.0.2.RELEASE.jar:/Applications/NetBeans/NetBeans 7.0.1.app/Contents/Resources/NetBeans/java/modules/ext/spring-3.0/spring-webmvc-portlet-3.0.2.RELEASE.jar:/Applications/NetBeans/NetBeans 7.0.1.app/Contents/Resources/NetBeans/java/modules/ext/spring-3.0/spring-webmvc-3.0.2.RELEASE.jar:/Applications/NetBeans/NetBeans 7.0.1.app/Contents/Resources/NetBeans/java/modules/ext/spring-3.0/spring-struts-3.0.2.RELEASE.jar" />
    <property name="libs.jsp-compiler.maven-pom" value="" />
    <property name="rubyplatform.Ruby.gem_version" value="1.3.6" />
    <property name="libs.Java-EE-GlassFish-v3.wsinterop" value="" />
    <property name="libs.spring-webmvc.maven-pom" value="" />
    <property name="run.jvmargs" value="" />
    <property name="libs.ejb3-persistence.classpath" value="/Applications/NetBeans/NetBeans 7.0.1.app/Contents/Resources/NetBeans/java/modules/ext/hibernate/ejb3-persistence.jar" />
    <property name="libs.spring-framework.javadoc" value="" />
    <property name="libs.DataBindingME-PIM.src" value="/Applications/NetBeans/NetBeans 7.0.1.app/Contents/Resources/NetBeans/mobility/sources/netbeans_databindingme_pim-src.zip" />
    <property name="libs.PostgreSQLDriver.classpath" value="/Applications/NetBeans/NetBeans 7.0.1.app/Contents/Resources/NetBeans/ide/modules/ext/postgresql-8.3-603.jdbc3.jar" />
    <property name="libs.jsf12.maven-pom" value="" />
    <property name="rubyplatform.Ruby.gem_path" value="/Users/petertran/.gem/ruby/1.8:/Library/Ruby/Gems/1.8:/System/Library/Frameworks/Ruby.framework/Versions/1.8/usr/lib/ruby/gems/1.8" />
    <property name="libs.junit.src" value="" />
    <property name="annotation.processing.source.output" value="build/generated-sources/ap-source-output" />
    <property name="main.class" value="amazon_scraper.Amazon_Scraper" />
    <property name="libs.CopyLibs.src" value="" />
    <property name="build.dir" value="build" />
    <property name="libs.jsp-compilation.classpath" value="/Applications/NetBeans/NetBeans 7.0.1.app/Contents/Resources/NetBeans/java/ant/lib/ant.jar:/Applications/NetBeans/NetBeans 7.0.1.app/Contents/Resources/NetBeans/enterprise/modules/ext/servlet3.0-jsp2.2-api.jar:/Applications/NetBeans/NetBeans 7.0.1.app/Contents/Resources/NetBeans/enterprise/modules/ext/glassfish-jspparser-3.0.jar:/Applications/NetBeans/NetBeans 7.0.1.app/Contents/Resources/NetBeans/enterprise/modules/ext/jsf-2_1/jsf-api.jar:/Applications/NetBeans/NetBeans 7.0.1.app/Contents/Resources/NetBeans/enterprise/modules/ext/jstl.jar:/Applications/NetBeans/NetBeans 7.0.1.app/Contents/Resources/NetBeans/java/ant/lib/ant-launcher.jar" />
    <property name="ant.version" value="Apache Ant(TM) version 1.8.2 compiled on December 20 2010" />
    <property name="build.classes.excludes" value="**/*.java,**/*.form" />
    <property name="file.encoding" value="MacRoman" />
    <property name="jdkBug6558476" value="false" />
    <property name="javadoc.nonavbar" value="false" />
    <property name="platform.active" value="default_platform" />
    <property name="awt.toolkit" value="apple.awt.CToolkit" />
  </properties>
  <testcase classname="amazon_scraper.Amazon_Scraper_Item_Search_Test" name="testGetItem_names_to_search" time="0.0050" />
  <testcase classname="amazon_scraper.Amazon_Scraper_Item_Search_Test" name="testAppend_toAmazonAsin" time="0.0" />
  <system-out><![CDATA[Unit tests beginning.
Unit tests completed.
]]></system-out>
  <system-err><![CDATA[]]></system-err>
</testsuite>
